INFO:     Will watch for changes in these directories: ['C:\\MegaSharkAI\\backend']
INFO:     Uvicorn running on http://127.0.0.1:8000 (Press CTRL+C to quit)
INFO:     Started reloader process [20760] using WatchFiles
2026-04-30 17:33:21.964 | INFO     | app.services.ai_service:__init__:42 - \U0001f916 AI-яЁютрщфхЁ (юёэютэющ): yandex
2026-04-30 17:33:22.316 | INFO     | app.main:<module>:41 - CORS origins: ['*']
INFO:     Started server process [25460]
INFO:     Waiting for application startup.
2026-04-30 17:33:22.444 | INFO     | app.main:startup_event:83 - \U0001f988 MegaSharkAI чряґёърхҐё ...
2026-04-30 17:33:22.444 | INFO     | app.main:startup_event:84 - ┬хЁёш : 0.1.0
2026-04-30 17:33:22.444 | INFO     | app.main:startup_event:85 - Debug Ёхцшь: True
2026-04-30 17:33:22.444 | INFO     | app.main:startup_event:88 - ╚эшІшрышчрІш  срч√ фрээ√є...
ERROR:    Traceback (most recent call last):
  File "C:\MegaSharkAI\backend\venv\Lib\site-packages\sqlalchemy\dialects\postgresql\asyncpg.py", line 550, in _prepare_and_execute
    self._rows = deque(await prepared_stmt.fetch(*parameters))
                       ^^^^^^^^^^^^^^^^^^^^^^^^^^^^^^^^^^^^^^
  File "C:\MegaSharkAI\backend\venv\Lib\site-packages\asyncpg\prepared_stmt.py", line 177, in fetch
    data = await self.__bind_execute(args, 0, timeout)
           ^^^^^^^^^^^^^^^^^^^^^^^^^^^^^^^^^^^^^^^^^^^
  File "C:\MegaSharkAI\backend\venv\Lib\site-packages\asyncpg\prepared_stmt.py", line 268, in __bind_execute
    data, status, _ = await self.__do_execute(
                      ^^^^^^^^^^^^^^^^^^^^^^^^
        lambda protocol: protocol.bind_execute(
        ^^^^^^^^^^^^^^^^^^^^^^^^^^^^^^^^^^^^^^^
            self._state, args, '', limit, True, timeout))
            ^^^^^^^^^^^^^^^^^^^^^^^^^^^^^^^^^^^^^^^^^^^^^
  File "C:\MegaSharkAI\backend\venv\Lib\site-packages\asyncpg\prepared_stmt.py", line 257, in __do_execute
    return await executor(protocol)
           ^^^^^^^^^^^^^^^^^^^^^^^^
  File "asyncpg/protocol/protocol.pyx", line 205, in bind_execute
asyncpg.exceptions.DatatypeMismatchError: foreign key constraint "chat_conversations_user_id_fkey" cannot be implemented
DETAIL:  Key columns "user_id" and "id" are of incompatible types: integer and uuid.

The above exception was the direct cause of the following exception:

Traceback (most recent call last):
  File "C:\MegaSharkAI\backend\venv\Lib\site-packages\sqlalchemy\engine\base.py", line 1967, in _exec_single_context
    self.dialect.do_execute(
    ~~~~~~~~~~~~~~~~~~~~~~~^
        cursor, str_statement, effective_parameters, context
        ^^^^^^^^^^^^^^^^^^^^^^^^^^^^^^^^^^^^^^^^^^^^^^^^^^^^
    )
    ^
  File "C:\MegaSharkAI\backend\venv\Lib\site-packages\sqlalchemy\engine\default.py", line 952, in do_execute
    cursor.execute(statement, parameters)
    ~~~~~~~~~~~~~~^^^^^^^^^^^^^^^^^^^^^^^
  File "C:\MegaSharkAI\backend\venv\Lib\site-packages\sqlalchemy\dialects\postgresql\asyncpg.py", line 585, in execute
    self._adapt_connection.await_(
    ~~~~~~~~~~~~~~~~~~~~~~~~~~~~~^
        self._prepare_and_execute(operation, parameters)
        ^^^^^^^^^^^^^^^^^^^^^^^^^^^^^^^^^^^^^^^^^^^^^^^^
    )
    ^
  File "C:\MegaSharkAI\backend\venv\Lib\site-packages\sqlalchemy\util\_concurrency_py3k.py", line 132, in await_only
    return current.parent.switch(awaitable)  # type: ignore[no-any-return,attr-defined] # noqa: E501
           ~~~~~~~~~~~~~~~~~~~~~^^^^^^^^^^^
  File "C:\MegaSharkAI\backend\venv\Lib\site-packages\sqlalchemy\util\_concurrency_py3k.py", line 196, in greenlet_spawn
    value = await result
            ^^^^^^^^^^^^
  File "C:\MegaSharkAI\backend\venv\Lib\site-packages\sqlalchemy\dialects\postgresql\asyncpg.py", line 563, in _prepare_and_execute
    self._handle_exception(error)
    ~~~~~~~~~~~~~~~~~~~~~~^^^^^^^
  File "C:\MegaSharkAI\backend\venv\Lib\site-packages\sqlalchemy\dialects\postgresql\asyncpg.py", line 513, in _handle_exception
    self._adapt_connection._handle_exception(error)
    ~~~~~~~~~~~~~~~~~~~~~~~~~~~~~~~~~~~~~~~~^^^^^^^
  File "C:\MegaSharkAI\backend\venv\Lib\site-packages\sqlalchemy\dialects\postgresql\asyncpg.py", line 797, in _handle_exception
    raise translated_error from error
sqlalchemy.dialects.postgresql.asyncpg.AsyncAdapt_asyncpg_dbapi.ProgrammingError: <class 'asyncpg.exceptions.DatatypeMismatchError'>: foreign key constraint "chat_conversations_user_id_fkey" cannot be implemented
DETAIL:  Key columns "user_id" and "id" are of incompatible types: integer and uuid.

The above exception was the direct cause of the following exception:

Traceback (most recent call last):
  File "C:\MegaSharkAI\backend\venv\Lib\site-packages\starlette\routing.py", line 638, in lifespan
    async with self.lifespan_context(app) as maybe_state:
               ~~~~~~~~~~~~~~~~~~~~~^^^^^
  File "C:\Users\user\AppData\Local\Programs\Python\Python313\Lib\contextlib.py", line 214, in __aenter__
    return await anext(self.gen)
           ^^^^^^^^^^^^^^^^^^^^^
  File "C:\MegaSharkAI\backend\venv\Lib\site-packages\fastapi\routing.py", line 216, in merged_lifespan
    async with original_context(app) as maybe_original_state:
               ~~~~~~~~~~~~~~~~^^^^^
  File "C:\Users\user\AppData\Local\Programs\Python\Python313\Lib\contextlib.py", line 214, in __aenter__
    return await anext(self.gen)
           ^^^^^^^^^^^^^^^^^^^^^
  File "C:\MegaSharkAI\backend\venv\Lib\site-packages\fastapi\routing.py", line 216, in merged_lifespan
    async with original_context(app) as maybe_original_state:
               ~~~~~~~~~~~~~~~~^^^^^
  File "C:\Users\user\AppData\Local\Programs\Python\Python313\Lib\contextlib.py", line 214, in __aenter__
    return await anext(self.gen)
           ^^^^^^^^^^^^^^^^^^^^^
  File "C:\MegaSharkAI\backend\venv\Lib\site-packages\fastapi\routing.py", line 216, in merged_lifespan
    async with original_context(app) as maybe_original_state:
               ~~~~~~~~~~~~~~~~^^^^^
  File "C:\MegaSharkAI\backend\venv\Lib\site-packages\fastapi\routing.py", line 241, in __aenter__
    await self._router._startup()
  File "C:\MegaSharkAI\backend\venv\Lib\site-packages\fastapi\routing.py", line 4884, in _startup
    await handler()
  File "C:\MegaSharkAI\backend\app\main.py", line 89, in startup_event
    await init_db()
  File "C:\MegaSharkAI\backend\app\core\database.py", line 71, in init_db
    await conn.run_sync(Base.metadata.create_all)
  File "C:\MegaSharkAI\backend\venv\Lib\site-packages\sqlalchemy\ext\asyncio\engine.py", line 888, in run_sync
    return await greenlet_spawn(
           ^^^^^^^^^^^^^^^^^^^^^
        fn, self._proxied, *arg, _require_await=False, **kw
        ^^^^^^^^^^^^^^^^^^^^^^^^^^^^^^^^^^^^^^^^^^^^^^^^^^^
    )
    ^
  File "C:\MegaSharkAI\backend\venv\Lib\site-packages\sqlalchemy\util\_concurrency_py3k.py", line 201, in greenlet_spawn
    result = context.throw(*sys.exc_info())
  File "C:\MegaSharkAI\backend\venv\Lib\site-packages\sqlalchemy\sql\schema.py", line 5931, in create_all
    bind._run_ddl_visitor(
    ~~~~~~~~~~~~~~~~~~~~~^
        ddl.SchemaGenerator, self, checkfirst=checkfirst, tables=tables
        ^^^^^^^^^^^^^^^^^^^^^^^^^^^^^^^^^^^^^^^^^^^^^^^^^^^^^^^^^^^^^^^
    )
    ^
  File "C:\MegaSharkAI\backend\venv\Lib\site-packages\sqlalchemy\engine\base.py", line 2467, in _run_ddl_visitor
    ).traverse_single(element)
      ~~~~~~~~~~~~~~~^^^^^^^^^
  File "C:\MegaSharkAI\backend\venv\Lib\site-packages\sqlalchemy\sql\visitors.py", line 661, in traverse_single
    return meth(obj, **kw)
  File "C:\MegaSharkAI\backend\venv\Lib\site-packages\sqlalchemy\sql\ddl.py", line 984, in visit_metadata
    self.traverse_single(
    ~~~~~~~~~~~~~~~~~~~~^
        table,
        ^^^^^^
    ...<2 lines>...
        _is_metadata_operation=True,
        ^^^^^^^^^^^^^^^^^^^^^^^^^^^^
    )
    ^
  File "C:\MegaSharkAI\backend\venv\Lib\site-packages\sqlalchemy\sql\visitors.py", line 661, in traverse_single
    return meth(obj, **kw)
  File "C:\MegaSharkAI\backend\venv\Lib\site-packages\sqlalchemy\sql\ddl.py", line 1022, in visit_table
    )._invoke_with(self.connection)
      ~~~~~~~~~~~~^^^^^^^^^^^^^^^^^
  File "C:\MegaSharkAI\backend\venv\Lib\site-packages\sqlalchemy\sql\ddl.py", line 321, in _invoke_with
    return bind.execute(self)
           ~~~~~~~~~~~~^^^^^^
  File "C:\MegaSharkAI\backend\venv\Lib\site-packages\sqlalchemy\engine\base.py", line 1419, in execute
    return meth(
        self,
        distilled_parameters,
        execution_options or NO_OPTIONS,
    )
  File "C:\MegaSharkAI\backend\venv\Lib\site-packages\sqlalchemy\sql\ddl.py", line 187, in _execute_on_connection
    return connection._execute_ddl(
           ~~~~~~~~~~~~~~~~~~~~~~~^
        self, distilled_params, execution_options
        ^^^^^^^^^^^^^^^^^^^^^^^^^^^^^^^^^^^^^^^^^
    )
    ^
  File "C:\MegaSharkAI\backend\venv\Lib\site-packages\sqlalchemy\engine\base.py", line 1530, in _execute_ddl
    ret = self._execute_context(
        dialect,
    ...<4 lines>...
        compiled,
    )
  File "C:\MegaSharkAI\backend\venv\Lib\site-packages\sqlalchemy\engine\base.py", line 1846, in _execute_context
    return self._exec_single_context(
           ~~~~~~~~~~~~~~~~~~~~~~~~~^
        dialect, context, statement, parameters
        ^^^^^^^^^^^^^^^^^^^^^^^^^^^^^^^^^^^^^^^
    )
    ^
  File "C:\MegaSharkAI\backend\venv\Lib\site-packages\sqlalchemy\engine\base.py", line 1986, in _exec_single_context
    self._handle_dbapi_exception(
    ~~~~~~~~~~~~~~~~~~~~~~~~~~~~^
        e, str_statement, effective_parameters, cursor, context
        ^^^^^^^^^^^^^^^^^^^^^^^^^^^^^^^^^^^^^^^^^^^^^^^^^^^^^^^
    )
    ^
  File "C:\MegaSharkAI\backend\venv\Lib\site-packages\sqlalchemy\engine\base.py", line 2363, in _handle_dbapi_exception
    raise sqlalchemy_exception.with_traceback(exc_info[2]) from e
  File "C:\MegaSharkAI\backend\venv\Lib\site-packages\sqlalchemy\engine\base.py", line 1967, in _exec_single_context
    self.dialect.do_execute(
    ~~~~~~~~~~~~~~~~~~~~~~~^
        cursor, str_statement, effective_parameters, context
        ^^^^^^^^^^^^^^^^^^^^^^^^^^^^^^^^^^^^^^^^^^^^^^^^^^^^
    )
    ^
  File "C:\MegaSharkAI\backend\venv\Lib\site-packages\sqlalchemy\engine\default.py", line 952, in do_execute
    cursor.execute(statement, parameters)
    ~~~~~~~~~~~~~~^^^^^^^^^^^^^^^^^^^^^^^
  File "C:\MegaSharkAI\backend\venv\Lib\site-packages\sqlalchemy\dialects\postgresql\asyncpg.py", line 585, in execute
    self._adapt_connection.await_(
    ~~~~~~~~~~~~~~~~~~~~~~~~~~~~~^
        self._prepare_and_execute(operation, parameters)
        ^^^^^^^^^^^^^^^^^^^^^^^^^^^^^^^^^^^^^^^^^^^^^^^^
    )
    ^
  File "C:\MegaSharkAI\backend\venv\Lib\site-packages\sqlalchemy\util\_concurrency_py3k.py", line 132, in await_only
    return current.parent.switch(awaitable)  # type: ignore[no-any-return,attr-defined] # noqa: E501
           ~~~~~~~~~~~~~~~~~~~~~^^^^^^^^^^^
  File "C:\MegaSharkAI\backend\venv\Lib\site-packages\sqlalchemy\util\_concurrency_py3k.py", line 196, in greenlet_spawn
    value = await result
            ^^^^^^^^^^^^
  File "C:\MegaSharkAI\backend\venv\Lib\site-packages\sqlalchemy\dialects\postgresql\asyncpg.py", line 563, in _prepare_and_execute
    self._handle_exception(error)
    ~~~~~~~~~~~~~~~~~~~~~~^^^^^^^
  File "C:\MegaSharkAI\backend\venv\Lib\site-packages\sqlalchemy\dialects\postgresql\asyncpg.py", line 513, in _handle_exception
    self._adapt_connection._handle_exception(error)
    ~~~~~~~~~~~~~~~~~~~~~~~~~~~~~~~~~~~~~~~~^^^^^^^
  File "C:\MegaSharkAI\backend\venv\Lib\site-packages\sqlalchemy\dialects\postgresql\asyncpg.py", line 797, in _handle_exception
    raise translated_error from error
sqlalchemy.exc.ProgrammingError: (sqlalchemy.dialects.postgresql.asyncpg.ProgrammingError) <class 'asyncpg.exceptions.DatatypeMismatchError'>: foreign key constraint "chat_conversations_user_id_fkey" cannot be implemented
DETAIL:  Key columns "user_id" and "id" are of incompatible types: integer and uuid.
[SQL: 
CREATE TABLE chat_conversations (
	id SERIAL NOT NULL, 
	user_id INTEGER NOT NULL, 
	is_active BOOLEAN NOT NULL, 
	is_closed BOOLEAN NOT NULL, 
	closed_at TIMESTAMP WITH TIME ZONE, 
	admin_id INTEGER, 
	topic VARCHAR(255), 
	created_at TIMESTAMP WITH TIME ZONE DEFAULT now() NOT NULL, 
	updated_at TIMESTAMP WITH TIME ZONE, 
	last_message_at TIMESTAMP WITH TIME ZONE, 
	PRIMARY KEY (id), 
	FOREIGN KEY(user_id) REFERENCES users (id) ON DELETE CASCADE, 
	FOREIGN KEY(admin_id) REFERENCES users (id) ON DELETE SET NULL
)

]
(Background on this error at: https://sqlalche.me/e/20/f405)

ERROR:    Application startup failed. Exiting.
WARNING:  WatchFiles detected changes in 'app\models\chat.py'. Reloading...
2026-04-30 18:21:31.041 | INFO     | app.services.ai_service:__init__:42 - \U0001f916 AI-яЁютрщфхЁ (юёэютэющ): yandex
2026-04-30 18:21:31.461 | INFO     | app.main:<module>:41 - CORS origins: ['*']
INFO:     Started server process [17956]
INFO:     Waiting for application startup.
2026-04-30 18:21:31.583 | INFO     | app.main:startup_event:83 - \U0001f988 MegaSharkAI чряґёърхҐё ...
2026-04-30 18:21:31.583 | INFO     | app.main:startup_event:84 - ┬хЁёш : 0.1.0
2026-04-30 18:21:31.583 | INFO     | app.main:startup_event:85 - Debug Ёхцшь: True
2026-04-30 18:21:31.583 | INFO     | app.main:startup_event:88 - ╚эшІшрышчрІш  срч√ фрээ√є...
2026-04-30 18:21:31.705 | INFO     | app.main:startup_event:90 - ┴рчр фрээ√є шэшІшрышчшЁютрэр \u2713
2026-04-30 18:21:31.705 | INFO     | app.main:startup_event:93 - ╚эшІшрышчрІш  Redis ъ¤Їр...
2026-04-30 18:21:31.707 | INFO     | app.services.cache_service:connect:42 - \U0001f4be ╧юфъы■іхэю ъ Redis: redis:6379
2026-04-30 18:21:31.707 | INFO     | app.main:startup_event:96 - Redis ъ¤Ї шэшІшрышчшЁютрэ \u2713
2026-04-30 18:21:31.707 | INFO     | app.main:startup_event:101 - ╚эшІшрышчрІш  яґыр яЁюъёш...
2026-04-30 18:21:31.708 | INFO     | app.services.proxy_pool:initialize:113 - \u2705 ╚эшІшрышчшЁютрэю 20 яЁюъёш
2026-04-30 18:21:31.708 | INFO     | app.main:startup_event:107 - \u2705 ╧ґы яЁюъёш шэшІшрышчшЁютрэ: 20 ЇҐ
2026-04-30 18:21:31.708 | INFO     | app.main:startup_event:114 - ╚эшІшрышчрІш  Email ёхЁтшёр...
2026-04-30 18:21:31.708 | INFO     | app.main:startup_event:129 - Email ёхЁтшё шэшІшрышчшЁютрэ \u2713
INFO:     Application startup complete.
WARNING:  WatchFiles detected changes in 'migrate_chat.py'. Reloading...
